<?xml version="1.0" encoding="UTF-8"?>
<testsuite xmlns:xsi="http://www.w3.org/2001/XMLSchema-instance" xsi:noNamespaceSchemaLocation="https://maven.apache.org/surefire/maven-surefire-plugin/xsd/surefire-test-report-3.0.xsd" version="3.0" name="TestSuite" time="1.312" tests="5" errors="0" skipped="0" failures="5">
  <properties>
[...]
</properties>
  <testcase name="ShouldBeAbleToGetAPlaylist" classname="com.spotify.oauth2.tests.PlaylistTests" time="0.754">
    <failure message="ABORT!!! Failed to get token" type="java.lang.RuntimeException"><![CDATA[java.lang.RuntimeException: ABORT!!! Failed to get token
	at com.spotify.oauth2.api.TokenManager.getToken(TokenManager.java:37)
	at com.spotify.oauth2.api.applicationApi.PlaylistApi.get(PlaylistApi.java:146)
	at com.spotify.oauth2.tests.PlaylistTests.ShouldBeAbleToGetAPlaylist(PlaylistTests.java:326)
	at java.base/jdk.internal.reflect.NativeMethodAccessorImpl.invoke0(Native Method)
	at java.base/jdk.internal.reflect.NativeMethodAccessorImpl.invoke(NativeMethodAccessorImpl.java:77)
	at java.base/jdk.internal.reflect.DelegatingMethodAccessorImpl.invoke(DelegatingMethodAccessorImpl.java:43)
	at java.base/java.lang.reflect.Method.invoke(Method.java:569)
	at org.testng.internal.invokers.MethodInvocationHelper.invokeMethod(MethodInvocationHelper.java:141)
	at org.testng.internal.invokers.TestInvoker.invokeMethod(TestInvoker.java:687)
	at org.testng.internal.invokers.TestInvoker.invokeTestMethod(TestInvoker.java:230)
	at org.testng.internal.invokers.MethodRunner.runInSequence(MethodRunner.java:63)
	at org.testng.internal.invokers.TestInvoker$MethodInvocationAgent.invoke(TestInvoker.java:995)
	at org.testng.internal.invokers.TestInvoker.invokeTestMethods(TestInvoker.java:203)
	at org.testng.internal.invokers.TestMethodWorker.invokeTestMethods(TestMethodWorker.java:154)
	at org.testng.internal.invokers.TestMethodWorker.run(TestMethodWorker.java:134)
	at java.base/java.util.concurrent.Executors$RunnableAdapter.call(Executors.java:539)
	at java.base/java.util.concurrent.FutureTask.run(FutureTask.java:264)
	at org.testng.internal.thread.graph.TestNGFutureTask.run(TestNGFutureTask.java:22)
	at java.base/java.util.concurrent.ThreadPoolExecutor.runWorker(ThreadPoolExecutor.java:1136)
	at java.base/java.util.concurrent.ThreadPoolExecutor$Worker.run(ThreadPoolExecutor.java:635)
	at java.base/java.lang.Thread.run(Thread.java:840)
]]></failure>
    <system-out><![CDATA[=================================
=================================
=================================
=================================
=================================
STARTING TEST: ShouldBeAbleToCreateAPlaylist
STARTING TEST: ShouldNotBeAbleToCreateAPlaylistWithName
STARTING TEST: ShouldBeAbleToUpdateAPlaylist
STARTING TEST: ShouldBeAbleToGetAPlaylist
STARTING TEST: ShouldNotBeAbleToCreateAPlaylistWithExpiredToken
THREAD ID: 24
THREAD ID: 23
THREAD ID: 21
THREAD NAME: TestNG-test-Surefire test-1
THREAD NAME: TestNG-test-Surefire test-3
THREAD NAME: TestNG-test-Surefire test-4
=================================
=================================
=================================
THREAD ID: 25
THREAD ID: 22
THREAD NAME: TestNG-test-Surefire test-5
THREAD NAME: TestNG-test-Surefire test-2
=================================
=================================
Renewing token ...
Request method:	POST
Request URI:	https://accounts.spotify.com/api/token
Proxy:			<none>
Request params:	<none>
Query params:	<none>
Form params:	refresh_token=enter_your_refresh_token_here
				grant_type=refresh_token
				client_secret=enter_client_secret_of_your_spotify_app
				client_id=enter_client_id_of_your_spotify_app
Path params:	<none>
Headers:		Accept=*/*
				Content-Type=application/x-www-form-urlencoded; charset=ISO-8859-1
Cookies:		<none>
Multiparts:		<none>
Body:			<none>
Request method:	POST
Request URI:	https://api.spotify.com/v1/users/enter_your_spotify_user_id%20%28not%20use%20%22%22%29/playlists
Proxy:			<none>
Request params:	<none>
Query params:	<none>
Form params:	<none>
Path params:	<none>
Headers:		Accept=*/*
				Content-Type=application/json
Cookies:		<none>
Multiparts:		<none>
Body:
{
    "description": "Description 7_&#EkJ_++#+_+xE#szU#_&#7E__V _##+Z  _O_ _#____8&&",
    "name": "Playlist  O_6VA Tv_",
    "public": false
}
HTTP/1.1 400 Bad Request
server: envoy
date: Sun, 08 Mar 2026 20:56:08 GMT
request-id: 320aa514-0270-49de-9906-aeb3847fdfb1
content-type: application/json
set-cookie: __Host-device_id=AQBUqMuShpWeUf6YusYBIFKvWD_rUGVh1HaurMOKkZp4TgAqqcXg1tieBJihKEDSnV4O4wZXDGY6F1xMRkw4BkI8XYkKwN4kJdU;Version=1;Path=/;Max-Age=2147483647;Secure;HttpOnly;SameSite=Lax
set-cookie: sp_tr=false;Version=1;Domain=accounts.spotify.com;Path=/;Secure;SameSite=Lax
x-envoy-upstream-service-time: 4
via: HTTP/1.1 fringe, HTTP/2 edgeproxy, 1.1 google
strict-transport-security: max-age=31536000
x-content-type-options: nosniff
alt-svc: h3=":443"; ma=2592000,h3-29=":443"; ma=2592000
content-encoding: gzip
vary: Accept-Encoding
Alt-Svc: h3=":443"; ma=2592000,h3-29=":443"; ma=2592000
Transfer-Encoding: chunked

{
    "error": "invalid_client",
    "error_description": "Invalid client"
}
HTTP/1.1 401 Unauthorized
www-authenticate: Bearer realm="spotify", error="invalid_token", error_description="Invalid access token"
access-control-allow-origin: *
access-control-allow-headers: Accept, App-Platform, Authorization, Content-Type, Origin, Retry-After, Spotify-App-Version, X-Cloud-Trace-Context, client-token, content-access-token
access-control-allow-methods: GET, POST, OPTIONS, PUT, DELETE, PATCH
access-control-allow-credentials: true
access-control-max-age: 604800
content-type: application/json
strict-transport-security: max-age=31536000
x-content-type-options: nosniff
alt-svc: h3=":443"; ma=2592000,h3-29=":443"; ma=2592000
content-encoding: gzip
vary: Accept-Encoding
date: Sun, 08 Mar 2026 20:56:08 GMT
server: envoy
via: HTTP/2 edgeproxy, 1.1 google
Alt-Svc: h3=":443"; ma=2592000,h3-29=":443"; ma=2592000
Transfer-Encoding: chunked

{
    "error": {
        "status": 401,
        "message": "Invalid access token"
    }
}
Renewing token ...
Request method:	POST
Request URI:	https://accounts.spotify.com/api/token
Proxy:			<none>
Request params:	<none>
Query params:	<none>
Form params:	refresh_token=enter_your_refresh_token_here
				grant_type=refresh_token
				client_secret=enter_client_secret_of_your_spotify_app
				client_id=enter_client_id_of_your_spotify_app
Path params:	<none>
Headers:		Accept=*/*
				Content-Type=application/x-www-form-urlencoded; charset=ISO-8859-1
Cookies:		<none>
Multiparts:		<none>
Body:			<none>
]]></system-out>
    <system-err><![CDATA[SLF4J(W): No SLF4J providers were found.
SLF4J(W): Defaulting to no-operation (NOP) logger implementation
SLF4J(W): See https://www.slf4j.org/codes.html#noProviders for further details.
java.lang.RuntimeException: ABORT!!! Renew Token failed
	at com.spotify.oauth2.api.TokenManager.renewToken(TokenManager.java:141)
	at com.spotify.oauth2.api.TokenManager.getToken(TokenManager.java:27)
	at com.spotify.oauth2.api.applicationApi.PlaylistApi.get(PlaylistApi.java:146)
	at com.spotify.oauth2.tests.PlaylistTests.ShouldBeAbleToGetAPlaylist(PlaylistTests.java:326)
	at java.base/jdk.internal.reflect.NativeMethodAccessorImpl.invoke0(Native Method)
	at java.base/jdk.internal.reflect.NativeMethodAccessorImpl.invoke(NativeMethodAccessorImpl.java:77)
	at java.base/jdk.internal.reflect.DelegatingMethodAccessorImpl.invoke(DelegatingMethodAccessorImpl.java:43)
	at java.base/java.lang.reflect.Method.invoke(Method.java:569)
	at org.testng.internal.invokers.MethodInvocationHelper.invokeMethod(MethodInvocationHelper.java:141)
	at org.testng.internal.invokers.TestInvoker.invokeMethod(TestInvoker.java:687)
	at org.testng.internal.invokers.TestInvoker.invokeTestMethod(TestInvoker.java:230)
	at org.testng.internal.invokers.MethodRunner.runInSequence(MethodRunner.java:63)
	at org.testng.internal.invokers.TestInvoker$MethodInvocationAgent.invoke(TestInvoker.java:995)
	at org.testng.internal.invokers.TestInvoker.invokeTestMethods(TestInvoker.java:203)
	at org.testng.internal.invokers.TestMethodWorker.invokeTestMethods(TestMethodWorker.java:154)
	at org.testng.internal.invokers.TestMethodWorker.run(TestMethodWorker.java:134)
	at java.base/java.util.concurrent.Executors$RunnableAdapter.call(Executors.java:539)
	at java.base/java.util.concurrent.FutureTask.run(FutureTask.java:264)
	at org.testng.internal.thread.graph.TestNGFutureTask.run(TestNGFutureTask.java:22)
	at java.base/java.util.concurrent.ThreadPoolExecutor.runWorker(ThreadPoolExecutor.java:1136)
	at java.base/java.util.concurrent.ThreadPoolExecutor$Worker.run(ThreadPoolExecutor.java:635)
	at java.base/java.lang.Thread.run(Thread.java:840)
]]></system-err>
  </testcase>
  <testcase name="ShouldNotBeAbleToCreateAPlaylistWithExpiredToken" classname="com.spotify.oauth2.tests.PlaylistTests" time="0.765">
    <failure message="Cannot construct instance of `com.spotify.oauth2.pojo.Error` (no Creators, like default constructor, exist): cannot deserialize from Object value (no delegate- or property-based Creator)&#10; at [Source: REDACTED (`StreamReadFeature.INCLUDE_SOURCE_IN_LOCATION` disabled); byte offset: #UNKNOWN]" type="tools.jackson.databind.exc.InvalidDefinitionException"><![CDATA[tools.jackson.databind.exc.InvalidDefinitionException: 
Cannot construct instance of `com.spotify.oauth2.pojo.Error` (no Creators, like default constructor, exist): cannot deserialize from Object value (no delegate- or property-based Creator)
 at [Source: REDACTED (`StreamReadFeature.INCLUDE_SOURCE_IN_LOCATION` disabled); byte offset: #UNKNOWN]
	at tools.jackson.databind.exc.InvalidDefinitionException.from(InvalidDefinitionException.java:70)
	at tools.jackson.databind.DeserializationContext.reportBadDefinition(DeserializationContext.java:1950)
	at tools.jackson.databind.DatabindContext.reportBadDefinition(DatabindContext.java:448)
	at tools.jackson.databind.DeserializationContext.handleMissingInstantiator(DeserializationContext.java:1480)
	at tools.jackson.databind.deser.bean.BeanDeserializerBase.deserializeFromObjectUsingNonDefault(BeanDeserializerBase.java:1432)
	at tools.jackson.databind.deser.bean.BeanDeserializer.deserializeFromObject(BeanDeserializer.java:480)
	at tools.jackson.databind.deser.bean.BeanDeserializer.deserialize(BeanDeserializer.java:200)
	at tools.jackson.databind.deser.DeserializationContextExt.readRootValue(DeserializationContextExt.java:265)
	at tools.jackson.databind.ObjectMapper._readMapAndClose(ObjectMapper.java:2615)
	at tools.jackson.databind.ObjectMapper.readValue(ObjectMapper.java:1564)
	at io.restassured.internal.path.json.mapping.JsonPathJackson3ObjectDeserializer.deserialize(JsonPathJackson3ObjectDeserializer.java:26)
	at org.codehaus.groovy.vmplugin.v8.IndyInterface.fromCache(IndyInterface.java:344)
	at io.restassured.internal.mapping.Jackson3Mapper.deserialize(Jackson3Mapper.groovy:59)
	at org.codehaus.groovy.vmplugin.v8.IndyInterface.fromCache(IndyInterface.java:344)
	at io.restassured.internal.mapping.ObjectMapping.parseWithJackson3(ObjectMapping.groovy:273)
	at org.codehaus.groovy.vmplugin.v8.IndyInterface.fromCache(IndyInterface.java:344)
	at io.restassured.internal.mapping.ObjectMapping.deserialize(ObjectMapping.groovy:56)
	at org.codehaus.groovy.vmplugin.v8.IndyInterface.fromCache(IndyInterface.java:344)
	at io.restassured.internal.RestAssuredResponseOptionsGroovyImpl.as(RestAssuredResponseOptionsGroovyImpl.groovy:233)
	at io.restassured.internal.RestAssuredResponseOptionsImpl.as(RestAssuredResponseOptionsImpl.java:174)
	at com.spotify.oauth2.tests.PlaylistTests.ShouldNotBeAbleToCreateAPlaylistWithExpiredToken(PlaylistTests.java:454)
	at java.base/jdk.internal.reflect.NativeMethodAccessorImpl.invoke0(Native Method)
	at java.base/jdk.internal.reflect.NativeMethodAccessorImpl.invoke(NativeMethodAccessorImpl.java:77)
	at java.base/jdk.internal.reflect.DelegatingMethodAccessorImpl.invoke(DelegatingMethodAccessorImpl.java:43)
	at java.base/java.lang.reflect.Method.invoke(Method.java:569)
	at org.testng.internal.invokers.MethodInvocationHelper.invokeMethod(MethodInvocationHelper.java:141)
	at org.testng.internal.invokers.TestInvoker.invokeMethod(TestInvoker.java:687)
	at org.testng.internal.invokers.TestInvoker.invokeTestMethod(TestInvoker.java:230)
	at org.testng.internal.invokers.MethodRunner.runInSequence(MethodRunner.java:63)
	at org.testng.internal.invokers.TestInvoker$MethodInvocationAgent.invoke(TestInvoker.java:995)
	at org.testng.internal.invokers.TestInvoker.invokeTestMethods(TestInvoker.java:203)
	at org.testng.internal.invokers.TestMethodWorker.invokeTestMethods(TestMethodWorker.java:154)
	at org.testng.internal.invokers.TestMethodWorker.run(TestMethodWorker.java:134)
	at java.base/java.util.concurrent.Executors$RunnableAdapter.call(Executors.java:539)
	at java.base/java.util.concurrent.FutureTask.run(FutureTask.java:264)
	at org.testng.internal.thread.graph.TestNGFutureTask.run(TestNGFutureTask.java:22)
	at java.base/java.util.concurrent.ThreadPoolExecutor.runWorker(ThreadPoolExecutor.java:1136)
	at java.base/java.util.concurrent.ThreadPoolExecutor$Worker.run(ThreadPoolExecutor.java:635)
	at java.base/java.lang.Thread.run(Thread.java:840)
]]></failure>
  </testcase>
  <testcase name="ShouldBeAbleToUpdateAPlaylist" classname="com.spotify.oauth2.tests.PlaylistTests" time="0.852">
    <failure message="ABORT!!! Failed to get token" type="java.lang.RuntimeException"><![CDATA[java.lang.RuntimeException: ABORT!!! Failed to get token
	at com.spotify.oauth2.api.TokenManager.getToken(TokenManager.java:37)
	at com.spotify.oauth2.api.applicationApi.PlaylistApi.update(PlaylistApi.java:189)
	at com.spotify.oauth2.tests.PlaylistTests.ShouldBeAbleToUpdateAPlaylist(PlaylistTests.java:431)
	at java.base/jdk.internal.reflect.NativeMethodAccessorImpl.invoke0(Native Method)
	at java.base/jdk.internal.reflect.NativeMethodAccessorImpl.invoke(NativeMethodAccessorImpl.java:77)
	at java.base/jdk.internal.reflect.DelegatingMethodAccessorImpl.invoke(DelegatingMethodAccessorImpl.java:43)
	at java.base/java.lang.reflect.Method.invoke(Method.java:569)
	at org.testng.internal.invokers.MethodInvocationHelper.invokeMethod(MethodInvocationHelper.java:141)
	at org.testng.internal.invokers.TestInvoker.invokeMethod(TestInvoker.java:687)
	at org.testng.internal.invokers.TestInvoker.invokeTestMethod(TestInvoker.java:230)
	at org.testng.internal.invokers.MethodRunner.runInSequence(MethodRunner.java:63)
	at org.testng.internal.invokers.TestInvoker$MethodInvocationAgent.invoke(TestInvoker.java:995)
	at org.testng.internal.invokers.TestInvoker.invokeTestMethods(TestInvoker.java:203)
	at org.testng.internal.invokers.TestMethodWorker.invokeTestMethods(TestMethodWorker.java:154)
	at org.testng.internal.invokers.TestMethodWorker.run(TestMethodWorker.java:134)
	at java.base/java.util.concurrent.Executors$RunnableAdapter.call(Executors.java:539)
	at java.base/java.util.concurrent.FutureTask.run(FutureTask.java:264)
	at org.testng.internal.thread.graph.TestNGFutureTask.run(TestNGFutureTask.java:22)
	at java.base/java.util.concurrent.ThreadPoolExecutor.runWorker(ThreadPoolExecutor.java:1136)
	at java.base/java.util.concurrent.ThreadPoolExecutor$Worker.run(ThreadPoolExecutor.java:635)
	at java.base/java.lang.Thread.run(Thread.java:840)
]]></failure>
    <system-out><![CDATA[HTTP/1.1 400 Bad Request
server: envoy
date: Sun, 08 Mar 2026 20:56:09 GMT
request-id: 6060cfcf-7b17-44ec-b01c-f1545fc40e7b
content-type: application/json
set-cookie: __Host-device_id=AQAU-xqNtOEewWJ6noSVK_JCL6FxS_19gy58ZqO5vqWNzrcTgkMcfhfPCwSY-BUkrk9s9UyZ1ucletRkGvqRDBS8IjKdse8s_Ns;Version=1;Path=/;Max-Age=2147483647;Secure;HttpOnly;SameSite=Lax
set-cookie: sp_tr=false;Version=1;Domain=accounts.spotify.com;Path=/;Secure;SameSite=Lax
x-envoy-upstream-service-time: 3
via: HTTP/1.1 fringe, HTTP/2 edgeproxy, 1.1 google
strict-transport-security: max-age=31536000
x-content-type-options: nosniff
alt-svc: h3=":443"; ma=2592000,h3-29=":443"; ma=2592000
content-encoding: gzip
vary: Accept-Encoding
Alt-Svc: h3=":443"; ma=2592000,h3-29=":443"; ma=2592000
Transfer-Encoding: chunked

{
    "error": "invalid_client",
    "error_description": "Invalid client"
}
Renewing token ...
]]></system-out>
    <system-err><![CDATA[java.lang.RuntimeException: ABORT!!! Renew Token failed
	at com.spotify.oauth2.api.TokenManager.renewToken(TokenManager.java:141)
	at com.spotify.oauth2.api.TokenManager.getToken(TokenManager.java:27)
	at com.spotify.oauth2.api.applicationApi.PlaylistApi.update(PlaylistApi.java:189)
	at com.spotify.oauth2.tests.PlaylistTests.ShouldBeAbleToUpdateAPlaylist(PlaylistTests.java:431)
	at java.base/jdk.internal.reflect.NativeMethodAccessorImpl.invoke0(Native Method)
	at java.base/jdk.internal.reflect.NativeMethodAccessorImpl.invoke(NativeMethodAccessorImpl.java:77)
	at java.base/jdk.internal.reflect.DelegatingMethodAccessorImpl.invoke(DelegatingMethodAccessorImpl.java:43)
	at java.base/java.lang.reflect.Method.invoke(Method.java:569)
	at org.testng.internal.invokers.MethodInvocationHelper.invokeMethod(MethodInvocationHelper.java:141)
	at org.testng.internal.invokers.TestInvoker.invokeMethod(TestInvoker.java:687)
	at org.testng.internal.invokers.TestInvoker.invokeTestMethod(TestInvoker.java:230)
	at org.testng.internal.invokers.MethodRunner.runInSequence(MethodRunner.java:63)
	at org.testng.internal.invokers.TestInvoker$MethodInvocationAgent.invoke(TestInvoker.java:995)
	at org.testng.internal.invokers.TestInvoker.invokeTestMethods(TestInvoker.java:203)
	at org.testng.internal.invokers.TestMethodWorker.invokeTestMethods(TestMethodWorker.java:154)
	at org.testng.internal.invokers.TestMethodWorker.run(TestMethodWorker.java:134)
	at java.base/java.util.concurrent.Executors$RunnableAdapter.call(Executors.java:539)
	at java.base/java.util.concurrent.FutureTask.run(FutureTask.java:264)
	at org.testng.internal.thread.graph.TestNGFutureTask.run(TestNGFutureTask.java:22)
	at java.base/java.util.concurrent.ThreadPoolExecutor.runWorker(ThreadPoolExecutor.java:1136)
	at java.base/java.util.concurrent.ThreadPoolExecutor$Worker.run(ThreadPoolExecutor.java:635)
	at java.base/java.lang.Thread.run(Thread.java:840)
]]></system-err>
  </testcase>
  <testcase name="ShouldBeAbleToCreateAPlaylist" classname="com.spotify.oauth2.tests.PlaylistTests" time="0.948">
    <failure message="ABORT!!! Failed to get token" type="java.lang.RuntimeException"><![CDATA[java.lang.RuntimeException: ABORT!!! Failed to get token
	at com.spotify.oauth2.api.TokenManager.getToken(TokenManager.java:37)
	at com.spotify.oauth2.api.applicationApi.PlaylistApi.post(PlaylistApi.java:81)
	at com.spotify.oauth2.tests.PlaylistTests.ShouldBeAbleToCreateAPlaylist(PlaylistTests.java:221)
	at java.base/jdk.internal.reflect.NativeMethodAccessorImpl.invoke0(Native Method)
	at java.base/jdk.internal.reflect.NativeMethodAccessorImpl.invoke(NativeMethodAccessorImpl.java:77)
	at java.base/jdk.internal.reflect.DelegatingMethodAccessorImpl.invoke(DelegatingMethodAccessorImpl.java:43)
	at java.base/java.lang.reflect.Method.invoke(Method.java:569)
	at org.testng.internal.invokers.MethodInvocationHelper.invokeMethod(MethodInvocationHelper.java:141)
	at org.testng.internal.invokers.TestInvoker.invokeMethod(TestInvoker.java:687)
	at org.testng.internal.invokers.TestInvoker.invokeTestMethod(TestInvoker.java:230)
	at org.testng.internal.invokers.MethodRunner.runInSequence(MethodRunner.java:63)
	at org.testng.internal.invokers.TestInvoker$MethodInvocationAgent.invoke(TestInvoker.java:995)
	at org.testng.internal.invokers.TestInvoker.invokeTestMethods(TestInvoker.java:203)
	at org.testng.internal.invokers.TestMethodWorker.invokeTestMethods(TestMethodWorker.java:154)
	at org.testng.internal.invokers.TestMethodWorker.run(TestMethodWorker.java:134)
	at java.base/java.util.concurrent.Executors$RunnableAdapter.call(Executors.java:539)
	at java.base/java.util.concurrent.FutureTask.run(FutureTask.java:264)
	at org.testng.internal.thread.graph.TestNGFutureTask.run(TestNGFutureTask.java:22)
	at java.base/java.util.concurrent.ThreadPoolExecutor.runWorker(ThreadPoolExecutor.java:1136)
	at java.base/java.util.concurrent.ThreadPoolExecutor$Worker.run(ThreadPoolExecutor.java:635)
	at java.base/java.lang.Thread.run(Thread.java:840)
]]></failure>
    <system-out><![CDATA[Request method:	POST
Request URI:	https://accounts.spotify.com/api/token
Proxy:			<none>
Request params:	<none>
Query params:	<none>
Form params:	refresh_token=enter_your_refresh_token_here
				grant_type=refresh_token
				client_secret=enter_client_secret_of_your_spotify_app
				client_id=enter_client_id_of_your_spotify_app
Path params:	<none>
Headers:		Accept=*/*
				Content-Type=application/x-www-form-urlencoded; charset=ISO-8859-1
Cookies:		<none>
Multiparts:		<none>
Body:			<none>
HTTP/1.1 400 Bad Request
server: envoy
date: Sun, 08 Mar 2026 20:56:09 GMT
request-id: 6cbad41e-c4df-4431-b0bc-0150523c1cfb
content-type: application/json
set-cookie: __Host-device_id=AQA7w7BhtHfR8Wc3It3jE4sb2Rtaj8ewcMUoAHquIyJKL5iaGkqFL9kreYLvPRHp54YIceCS2m6zOu4p5U8Pj6qCeb4mWV8QRRU;Version=1;Path=/;Max-Age=2147483647;Secure;HttpOnly;SameSite=Lax
set-cookie: sp_tr=false;Version=1;Domain=accounts.spotify.com;Path=/;Secure;SameSite=Lax
x-envoy-upstream-service-time: 4
via: HTTP/1.1 fringe, HTTP/2 edgeproxy, 1.1 google
strict-transport-security: max-age=31536000
x-content-type-options: nosniff
alt-svc: h3=":443"; ma=2592000,h3-29=":443"; ma=2592000
content-encoding: gzip
vary: Accept-Encoding
Alt-Svc: h3=":443"; ma=2592000,h3-29=":443"; ma=2592000
Transfer-Encoding: chunked

{
    "error": "invalid_client",
    "error_description": "Invalid client"
}
Renewing token ...
]]></system-out>
    <system-err><![CDATA[java.lang.RuntimeException: ABORT!!! Renew Token failed
	at com.spotify.oauth2.api.TokenManager.renewToken(TokenManager.java:141)
	at com.spotify.oauth2.api.TokenManager.getToken(TokenManager.java:27)
	at com.spotify.oauth2.api.applicationApi.PlaylistApi.post(PlaylistApi.java:81)
	at com.spotify.oauth2.tests.PlaylistTests.ShouldBeAbleToCreateAPlaylist(PlaylistTests.java:221)
	at java.base/jdk.internal.reflect.NativeMethodAccessorImpl.invoke0(Native Method)
	at java.base/jdk.internal.reflect.NativeMethodAccessorImpl.invoke(NativeMethodAccessorImpl.java:77)
	at java.base/jdk.internal.reflect.DelegatingMethodAccessorImpl.invoke(DelegatingMethodAccessorImpl.java:43)
	at java.base/java.lang.reflect.Method.invoke(Method.java:569)
	at org.testng.internal.invokers.MethodInvocationHelper.invokeMethod(MethodInvocationHelper.java:141)
	at org.testng.internal.invokers.TestInvoker.invokeMethod(TestInvoker.java:687)
	at org.testng.internal.invokers.TestInvoker.invokeTestMethod(TestInvoker.java:230)
	at org.testng.internal.invokers.MethodRunner.runInSequence(MethodRunner.java:63)
	at org.testng.internal.invokers.TestInvoker$MethodInvocationAgent.invoke(TestInvoker.java:995)
	at org.testng.internal.invokers.TestInvoker.invokeTestMethods(TestInvoker.java:203)
	at org.testng.internal.invokers.TestMethodWorker.invokeTestMethods(TestMethodWorker.java:154)
	at org.testng.internal.invokers.TestMethodWorker.run(TestMethodWorker.java:134)
	at java.base/java.util.concurrent.Executors$RunnableAdapter.call(Executors.java:539)
	at java.base/java.util.concurrent.FutureTask.run(FutureTask.java:264)
	at org.testng.internal.thread.graph.TestNGFutureTask.run(TestNGFutureTask.java:22)
	at java.base/java.util.concurrent.ThreadPoolExecutor.runWorker(ThreadPoolExecutor.java:1136)
	at java.base/java.util.concurrent.ThreadPoolExecutor$Worker.run(ThreadPoolExecutor.java:635)
	at java.base/java.lang.Thread.run(Thread.java:840)
]]></system-err>
  </testcase>
  <testcase name="ShouldNotBeAbleToCreateAPlaylistWithName" classname="com.spotify.oauth2.tests.PlaylistTests" time="1.048">
    <failure message="ABORT!!! Failed to get token" type="java.lang.RuntimeException"><![CDATA[java.lang.RuntimeException: ABORT!!! Failed to get token
	at com.spotify.oauth2.api.TokenManager.getToken(TokenManager.java:37)
	at com.spotify.oauth2.api.applicationApi.PlaylistApi.post(PlaylistApi.java:81)
	at com.spotify.oauth2.tests.PlaylistTests.ShouldNotBeAbleToCreateAPlaylistWithName(PlaylistTests.java:442)
	at java.base/jdk.internal.reflect.NativeMethodAccessorImpl.invoke0(Native Method)
	at java.base/jdk.internal.reflect.NativeMethodAccessorImpl.invoke(NativeMethodAccessorImpl.java:77)
	at java.base/jdk.internal.reflect.DelegatingMethodAccessorImpl.invoke(DelegatingMethodAccessorImpl.java:43)
	at java.base/java.lang.reflect.Method.invoke(Method.java:569)
	at org.testng.internal.invokers.MethodInvocationHelper.invokeMethod(MethodInvocationHelper.java:141)
	at org.testng.internal.invokers.TestInvoker.invokeMethod(TestInvoker.java:687)
	at org.testng.internal.invokers.TestInvoker.invokeTestMethod(TestInvoker.java:230)
	at org.testng.internal.invokers.MethodRunner.runInSequence(MethodRunner.java:63)
	at org.testng.internal.invokers.TestInvoker$MethodInvocationAgent.invoke(TestInvoker.java:995)
	at org.testng.internal.invokers.TestInvoker.invokeTestMethods(TestInvoker.java:203)
	at org.testng.internal.invokers.TestMethodWorker.invokeTestMethods(TestMethodWorker.java:154)
	at org.testng.internal.invokers.TestMethodWorker.run(TestMethodWorker.java:134)
	at java.base/java.util.concurrent.Executors$RunnableAdapter.call(Executors.java:539)
	at java.base/java.util.concurrent.FutureTask.run(FutureTask.java:264)
	at org.testng.internal.thread.graph.TestNGFutureTask.run(TestNGFutureTask.java:22)
	at java.base/java.util.concurrent.ThreadPoolExecutor.runWorker(ThreadPoolExecutor.java:1136)
	at java.base/java.util.concurrent.ThreadPoolExecutor$Worker.run(ThreadPoolExecutor.java:635)
	at java.base/java.lang.Thread.run(Thread.java:840)
]]></failure>
    <system-out><![CDATA[Request method:	POST
Request URI:	https://accounts.spotify.com/api/token
Proxy:			<none>
Request params:	<none>
Query params:	<none>
Form params:	refresh_token=enter_your_refresh_token_here
				grant_type=refresh_token
				client_secret=enter_client_secret_of_your_spotify_app
				client_id=enter_client_id_of_your_spotify_app
Path params:	<none>
Headers:		Accept=*/*
				Content-Type=application/x-www-form-urlencoded; charset=ISO-8859-1
Cookies:		<none>
Multiparts:		<none>
Body:			<none>
HTTP/1.1 400 Bad Request
server: envoy
date: Sun, 08 Mar 2026 20:56:09 GMT
request-id: 1466b8e5-e60f-4eaf-86f9-c209dbcc89f7
content-type: application/json
set-cookie: __Host-device_id=AQAxfYwfwb3FaRlk7hmI-bcIbSxbMhkPfPxlBXbhVNAaqLVlzdP45Rv1WekLyQKcuFG_4luNWKiy2YYgNtrCV503tkiuux_PWmE;Version=1;Path=/;Max-Age=2147483647;Secure;HttpOnly;SameSite=Lax
set-cookie: sp_tr=false;Version=1;Domain=accounts.spotify.com;Path=/;Secure;SameSite=Lax
x-envoy-upstream-service-time: 3
via: HTTP/1.1 fringe, HTTP/2 edgeproxy, 1.1 google
strict-transport-security: max-age=31536000
x-content-type-options: nosniff
alt-svc: h3=":443"; ma=2592000,h3-29=":443"; ma=2592000
content-encoding: gzip
vary: Accept-Encoding
Alt-Svc: h3=":443"; ma=2592000,h3-29=":443"; ma=2592000
Transfer-Encoding: chunked

{
    "error": "invalid_client",
    "error_description": "Invalid client"
}
]]></system-out>
    <system-err><![CDATA[java.lang.RuntimeException: ABORT!!! Renew Token failed
	at com.spotify.oauth2.api.TokenManager.renewToken(TokenManager.java:141)
	at com.spotify.oauth2.api.TokenManager.getToken(TokenManager.java:27)
	at com.spotify.oauth2.api.applicationApi.PlaylistApi.post(PlaylistApi.java:81)
	at com.spotify.oauth2.tests.PlaylistTests.ShouldNotBeAbleToCreateAPlaylistWithName(PlaylistTests.java:442)
	at java.base/jdk.internal.reflect.NativeMethodAccessorImpl.invoke0(Native Method)
	at java.base/jdk.internal.reflect.NativeMethodAccessorImpl.invoke(NativeMethodAccessorImpl.java:77)
	at java.base/jdk.internal.reflect.DelegatingMethodAccessorImpl.invoke(DelegatingMethodAccessorImpl.java:43)
	at java.base/java.lang.reflect.Method.invoke(Method.java:569)
	at org.testng.internal.invokers.MethodInvocationHelper.invokeMethod(MethodInvocationHelper.java:141)
	at org.testng.internal.invokers.TestInvoker.invokeMethod(TestInvoker.java:687)
	at org.testng.internal.invokers.TestInvoker.invokeTestMethod(TestInvoker.java:230)
	at org.testng.internal.invokers.MethodRunner.runInSequence(MethodRunner.java:63)
	at org.testng.internal.invokers.TestInvoker$MethodInvocationAgent.invoke(TestInvoker.java:995)
	at org.testng.internal.invokers.TestInvoker.invokeTestMethods(TestInvoker.java:203)
	at org.testng.internal.invokers.TestMethodWorker.invokeTestMethods(TestMethodWorker.java:154)
	at org.testng.internal.invokers.TestMethodWorker.run(TestMethodWorker.java:134)
	at java.base/java.util.concurrent.Executors$RunnableAdapter.call(Executors.java:539)
	at java.base/java.util.concurrent.FutureTask.run(FutureTask.java:264)
	at org.testng.internal.thread.graph.TestNGFutureTask.run(TestNGFutureTask.java:22)
	at java.base/java.util.concurrent.ThreadPoolExecutor.runWorker(ThreadPoolExecutor.java:1136)
	at java.base/java.util.concurrent.ThreadPoolExecutor$Worker.run(ThreadPoolExecutor.java:635)
	at java.base/java.lang.Thread.run(Thread.java:840)
]]></system-err>
  </testcase>
</testsuite>